Log file open, 05/30/20 16:49:28
LogWindows: Failed to load 'aqProf.dll' (GetLastError=126)
LogWindows: File 'aqProf.dll' does not exist
LogWindows: Failed to load 'VtuneApi.dll' (GetLastError=126)
LogWindows: File 'VtuneApi.dll' does not exist
LogWindows: Failed to load 'VtuneApi32e.dll' (GetLastError=126)
LogWindows: File 'VtuneApi32e.dll' does not exist
LogConsoleResponse: Display: Failed to find resolution value strings in scalability ini. Falling back to default.
LogInit: Display: Running engine for game: MoonNight
LogPlatformFile: Not using cached read wrapper
LogTaskGraph: Started task graph with 5 named threads and 23 total threads with 3 sets of task threads.
LogStats: Stats thread started at 0.882714
LogD3D11RHI: Loaded GFSDK_Aftermath_Lib.x64.dll
LogICUInternationalization: ICU TimeZone Detection - Raw Offset: +8:00, Platform Override: ''
LogPluginManager: Mounting plugin Paper2D
LogPluginManager: Mounting plugin AISupport
LogPluginManager: Mounting plugin LightPropagationVolume
LogPluginManager: Mounting plugin ActorLayerUtilities
LogPluginManager: Mounting plugin AnimationSharing
LogPluginManager: Mounting plugin CLionSourceCodeAccess
LogPluginManager: Mounting plugin CodeLiteSourceCodeAccess
LogPluginManager: Mounting plugin GitSourceControl
LogPluginManager: Mounting plugin KDevelopSourceCodeAccess
LogPluginManager: Mounting plugin NullSourceCodeAccess
LogPluginManager: Mounting plugin PerforceSourceControl
LogPluginManager: Mounting plugin SubversionSourceControl
LogPluginManager: Mounting plugin UObjectPlugin
LogPluginManager: Mounting plugin VisualStudioCodeSourceCodeAccess
LogPluginManager: Mounting plugin VisualStudioSourceCodeAccess
LogPluginManager: Mounting plugin XCodeSourceCodeAccess
LogPluginManager: Mounting plugin AssetManagerEditor
LogPluginManager: Mounting plugin CryptoKeys
LogPluginManager: Mounting plugin CurveEditorTools
LogPluginManager: Mounting plugin DataValidation
LogPluginManager: Mounting plugin FacialAnimation
LogPluginManager: Mounting plugin GameplayTagsEditor
LogPluginManager: Mounting plugin MacGraphicsSwitching
LogPluginManager: Mounting plugin MaterialAnalyzer
LogPluginManager: Mounting plugin MobileLauncherProfileWizard
LogPluginManager: Mounting plugin PluginBrowser
LogPluginManager: Mounting plugin SpeedTreeImporter
LogPluginManager: Mounting plugin DatasmithContent
LogPluginManager: Mounting plugin VariantManagerContent
LogPluginManager: Mounting plugin AlembicImporter
LogPluginManager: Mounting plugin AutomationUtils
LogPluginManager: Mounting plugin BackChannel
LogPluginManager: Mounting plugin CharacterAI
LogPluginManager: Mounting plugin GeometryCache
LogPluginManager: Mounting plugin HTML5Networking
LogPluginManager: Mounting plugin PlatformCrypto
LogPluginManager: Mounting plugin ProxyLODPlugin
LogPluginManager: Mounting plugin SkeletalReduction
LogPluginManager: Mounting plugin MagicLeap
LogPluginManager: Mounting plugin MagicLeapMedia
LogPluginManager: Mounting plugin AndroidMedia
LogPluginManager: Mounting plugin AvfMedia
LogPluginManager: Mounting plugin ImgMedia
LogPluginManager: Mounting plugin MediaCompositing
LogPluginManager: Mounting plugin MediaPlayerEditor
LogPluginManager: Mounting plugin WebMMedia
LogPluginManager: Mounting plugin WmfMedia
LogPluginManager: Mounting plugin TcpMessaging
LogPluginManager: Mounting plugin UdpMessaging
LogPluginManager: Mounting plugin ActorSequence
LogPluginManager: Mounting plugin LevelSequenceEditor
LogPluginManager: Mounting plugin MatineeToLevelSequence
LogPluginManager: Mounting plugin NetcodeUnitTest
LogPluginManager: Mounting plugin NUTUnrealEngine4
LogPluginManager: Mounting plugin OnlineSubsystemGooglePlay
LogPluginManager: Mounting plugin OnlineSubsystemIOS
LogPluginManager: Mounting plugin OnlineSubsystem
LogPluginManager: Mounting plugin OnlineSubsystemNull
LogPluginManager: Mounting plugin OnlineSubsystemUtils
LogPluginManager: Mounting plugin LauncherChunkInstaller
LogPluginManager: Mounting plugin AndroidDeviceProfileSelector
LogPluginManager: Mounting plugin AndroidMoviePlayer
LogPluginManager: Mounting plugin AndroidPermission
LogPluginManager: Mounting plugin AppleImageUtils
LogPluginManager: Mounting plugin AppleMoviePlayer
LogPluginManager: Mounting plugin ArchVisCharacter
LogPluginManager: Mounting plugin AudioCapture
LogPluginManager: Mounting plugin CableComponent
LogPluginManager: Mounting plugin CustomMeshComponent
LogPluginManager: Mounting plugin EditableMesh
LogPluginManager: Mounting plugin ExampleDeviceProfileSelector
LogPluginManager: Mounting plugin GoogleCloudMessaging
LogPluginManager: Mounting plugin IOSDeviceProfileSelector
LogPluginManager: Mounting plugin LinuxDeviceProfileSelector
LogPluginManager: Mounting plugin LocationServicesBPLibrary
LogPluginManager: Mounting plugin MobilePatchingUtils
LogPluginManager: Mounting plugin OculusVR
LogPluginManager: Mounting plugin PhysXVehicles
LogPluginManager: Mounting plugin ProceduralMeshComponent
LogPluginManager: Mounting plugin RuntimePhysXCooking
LogPluginManager: Mounting plugin SignificanceManager
LogPluginManager: Mounting plugin SteamVR
LogPluginManager: Mounting plugin WebMMoviePlayer
LogPluginManager: Mounting plugin WindowsMoviePlayer
LogPluginManager: Mounting plugin ScreenshotTools
LogInit: Using libcurl 7.55.1-DEV
LogInit:  - built for x86_64-pc-win32
LogInit:  - supports SSL with OpenSSL/1.1.1
LogInit:  - supports HTTP deflate (compression) using libz 1.2.8
LogInit:  - other features:
LogInit:      CURL_VERSION_SSL
LogInit:      CURL_VERSION_LIBZ
LogInit:      CURL_VERSION_IPV6
LogInit:      CURL_VERSION_ASYNCHDNS
LogInit:      CURL_VERSION_LARGEFILE
LogInit:      CURL_VERSION_IDN
LogInit:  CurlRequestOptions (configurable via config and command line):
LogInit:  - bVerifyPeer = true  - Libcurl will verify peer certificate
LogInit:  - bUseHttpProxy = false  - Libcurl will NOT use HTTP proxy
LogInit:  - bDontReuseConnections = false  - Libcurl will reuse connections
LogInit:  - MaxHostConnections = 16  - Libcurl will limit the number of connections to a host
LogInit:  - LocalHostAddr = Default
LogInit:  - BufferSize = 65536
LogOnline: OSS: Creating online subsystem instance for: NULL
LogInit: WinSock: version 1.1 (2.2), MaxSocks=32767, MaxUdp=65467
LogInit: Build: ++UE4+Release-4.23-CL-9631420
LogInit: Engine Version: 4.23.1-9631420+++UE4+Release-4.23
LogInit: Compatible Engine Version: 4.23.0-8386587+++UE4+Release-4.23
LogInit: Net CL: 8386587
LogInit: OS: Windows 10 (Release 1809) (), CPU: Intel(R) Core(TM) i7-6700K CPU @ 4.00GHz, GPU: NVIDIA GeForce GTX 1070
LogInit: Compiled (64-bit): Oct 18 2019 02:07:44
LogInit: Compiled with Visual C++: 19.16.27030.01
LogInit: Build Configuration: Development
LogInit: Branch Name: ++UE4+Release-4.23
LogInit: Command Line:  -skipcompile
LogInit: Base Directory: C:/UnRealEngine/Engine/UE_4.23/Engine/Binaries/Win64/
LogInit: Installed Engine Build: 1
LogDevObjectVersion: Number of dev versions registered: 23
LogDevObjectVersion:   Dev-Blueprints (B0D832E4-1F89-4F0D-ACCF-7EB736FD4AA2): 10
LogDevObjectVersion:   Dev-Build (E1C64328-A22C-4D53-A36C-8E866417BD8C): 0
LogDevObjectVersion:   Dev-Core (375EC13C-06E4-48FB-B500-84F0262A717E): 3
LogDevObjectVersion:   Dev-Editor (E4B068ED-F494-42E9-A231-DA0B2E46BB41): 34
LogDevObjectVersion:   Dev-Framework (CFFC743F-43B0-4480-9391-14DF171D2073): 35
LogDevObjectVersion:   Dev-Mobile (B02B49B5-BB20-44E9-A304-32B752E40360): 2
LogDevObjectVersion:   Dev-Networking (A4E4105C-59A1-49B5-A7C5-40C4547EDFEE): 0
LogDevObjectVersion:   Dev-Online (39C831C9-5AE6-47DC-9A44-9C173E1C8E7C): 0
LogDevObjectVersion:   Dev-Physics (78F01B33-EBEA-4F98-B9B4-84EACCB95AA2): 0
LogDevObjectVersion:   Dev-Platform (6631380F-2D4D-43E0-8009-CF276956A95A): 0
LogDevObjectVersion:   Dev-Rendering (12F88B9F-8875-4AFC-A67C-D90C383ABD29): 31
LogDevObjectVersion:   Dev-Sequencer (7B5AE74C-D270-4C10-A958-57980B212A5A): 11
LogDevObjectVersion:   Dev-VR (D7296918-1DD6-4BDD-9DE2-64A83CC13884): 2
LogDevObjectVersion:   Dev-LoadTimes (C2A15278-BFE7-4AFE-6C17-90FF531DF755): 1
LogDevObjectVersion:   Private-Geometry (6EACA3D4-40EC-4CC1-B786-8BED09428FC5): 3
LogDevObjectVersion:   Dev-AnimPhys (29E575DD-E0A3-4627-9D10-D276232CDCEA): 17
LogDevObjectVersion:   Dev-Anim (AF43A65D-7FD3-4947-9873-3E8ED9C1BB05): 2
LogDevObjectVersion:   Dev-ReflectionCapture (6B266CEC-1EC7-4B8F-A30B-E4D90942FC07): 1
LogDevObjectVersion:   Dev-Automation (0DF73D61-A23F-47EA-B727-89E90C41499A): 1
LogDevObjectVersion:   FortniteMain (601D1886-AC64-4F84-AA16-D3DE0DEAC7D6): 27
LogDevObjectVersion:   Dev-Enterprise (9DFFBCD6-494F-0158-E221-12823C92A888): 6
LogDevObjectVersion:   Dev-Niagara (F2AED0AC-9AFE-416F-8664-AA7FFA26D6FC): 1
LogDevObjectVersion:   Dev-Destruction (174F1F0B-B4C6-45A5-B13F-2EE8D0FB917D): 9
LogInit: Presizing for max 16777216 objects, including 0 objects not considered by GC, pre-allocating 0 bytes for permanent pool.
LogInit: Object subsystem initialized
LogConfig: Setting CVar [[con.DebugEarlyDefault:1]]
LogConfig: Setting CVar [[r.setres:1280x720]]
[2020.05.30-08.49.29:525][  0]LogConfig: Setting CVar [[r.VSync:0]]
[2020.05.30-08.49.29:525][  0]LogConfig: Setting CVar [[r.RHICmdBypass:0]]
[2020.05.30-08.49.29:525][  0]LogConfig: Applying CVar settings from Section [/Script/Engine.RendererSettings] File [D:/Documents/Unreal Projects/MoonNight/Saved/Config/Windows/Engine.ini]
[2020.05.30-08.49.29:526][  0]LogConfig: Setting CVar [[r.GPUCrashDebugging:0]]
[2020.05.30-08.49.29:526][  0]LogConfig: Setting CVar [[r.DefaultFeature.AutoExposure.ExtendDefaultLuminanceRange:1]]
[2020.05.30-08.49.29:526][  0]LogConfig: Applying CVar settings from Section [/Script/Engine.RendererOverrideSettings] File [D:/Documents/Unreal Projects/MoonNight/Saved/Config/Windows/Engine.ini]
[2020.05.30-08.49.29:526][  0]LogConfig: Applying CVar settings from Section [/Script/Engine.StreamingSettings] File [D:/Documents/Unreal Projects/MoonNight/Saved/Config/Windows/Engine.ini]
[2020.05.30-08.49.29:526][  0]LogConfig: Setting CVar [[s.MinBulkDataSizeForAsyncLoading:131072]]
[2020.05.30-08.49.29:526][  0]LogConfig: Setting CVar [[s.AsyncLoadingThreadEnabled:0]]
[2020.05.30-08.49.29:526][  0]LogConfig: Setting CVar [[s.EventDrivenLoaderEnabled:1]]
[2020.05.30-08.49.29:526][  0]LogConfig: Setting CVar [[s.WarnIfTimeLimitExceeded:0]]
[2020.05.30-08.49.29:526][  0]LogConfig: Setting CVar [[s.TimeLimitExceededMultiplier:1.5]]
[2020.05.30-08.49.29:526][  0]LogConfig: Setting CVar [[s.TimeLimitExceededMinTime:0.005]]
[2020.05.30-08.49.29:526][  0]LogConfig: Setting CVar [[s.UseBackgroundLevelStreaming:1]]
[2020.05.30-08.49.29:526][  0]LogConfig: Setting CVar [[s.PriorityAsyncLoadingExtraTime:15.0]]
[2020.05.30-08.49.29:526][  0]LogConfig: Setting CVar [[s.LevelStreamingActorsUpdateTimeLimit:5.0]]
[2020.05.30-08.49.29:526][  0]LogConfig: Setting CVar [[s.PriorityLevelStreamingActorsUpdateExtraTime:5.0]]
[2020.05.30-08.49.29:526][  0]LogConfig: Setting CVar [[s.LevelStreamingComponentsRegistrationGranularity:10]]
[2020.05.30-08.49.29:526][  0]LogConfig: Setting CVar [[s.UnregisterComponentsTimeLimit:1.0]]
[2020.05.30-08.49.29:526][  0]LogConfig: Setting CVar [[s.LevelStreamingComponentsUnregistrationGranularity:5]]
[2020.05.30-08.49.29:526][  0]LogConfig: Applying CVar settings from Section [/Script/Engine.GarbageCollectionSettings] File [D:/Documents/Unreal Projects/MoonNight/Saved/Config/Windows/Engine.ini]
[2020.05.30-08.49.29:526][  0]LogConfig: Setting CVar [[gc.MaxObjectsNotConsideredByGC:1]]
[2020.05.30-08.49.29:526][  0]LogConfig: Setting CVar [[gc.SizeOfPermanentObjectPool:0]]
[2020.05.30-08.49.29:526][  0]LogConfig: Setting CVar [[gc.FlushStreamingOnGC:0]]
[2020.05.30-08.49.29:526][  0]LogConfig: Setting CVar [[gc.NumRetriesBeforeForcingGC:10]]
[2020.05.30-08.49.29:526][  0]LogConfig: Setting CVar [[gc.AllowParallelGC:1]]
[2020.05.30-08.49.29:526][  0]LogConfig: Setting CVar [[gc.TimeBetweenPurgingPendingKillObjects:61.1]]
[2020.05.30-08.49.29:526][  0]LogConfig: Setting CVar [[gc.MaxObjectsInEditor:16777216]]
[2020.05.30-08.49.29:526][  0]LogConfig: Setting CVar [[gc.IncrementalBeginDestroyEnabled:1]]
[2020.05.30-08.49.29:526][  0]LogConfig: Setting CVar [[gc.CreateGCClusters:1]]
[2020.05.30-08.49.29:526][  0]LogConfig: Setting CVar [[gc.MinGCClusterSize:5]]
[2020.05.30-08.49.29:526][  0]LogConfig: Setting CVar [[gc.ActorClusteringEnabled:0]]
[2020.05.30-08.49.29:527][  0]LogConfig: Setting CVar [[gc.BlueprintClusteringEnabled:0]]
[2020.05.30-08.49.29:527][  0]LogConfig: Setting CVar [[gc.UseDisregardForGCOnDedicatedServers:0]]
[2020.05.30-08.49.29:527][  0]LogConfig: Applying CVar settings from Section [/Script/Engine.NetworkSettings] File [D:/Documents/Unreal Projects/MoonNight/Saved/Config/Windows/Engine.ini]
[2020.05.30-08.49.29:527][  0]LogConfig: Applying CVar settings from Section [/Script/UnrealEd.CookerSettings] File [D:/Documents/Unreal Projects/MoonNight/Saved/Config/Windows/Engine.ini]
[2020.05.30-08.49.29:537][  0]LogConfig: Applying CVar settings from Section [ViewDistanceQuality@3] File [D:/Documents/Unreal Projects/MoonNight/Saved/Config/Windows/Scalability.ini]
[2020.05.30-08.49.29:537][  0]LogConfig: Setting CVar [[r.SkeletalMeshLODBias:0]]
[2020.05.30-08.49.29:537][  0]LogConfig: Setting CVar [[r.ViewDistanceScale:1.0]]
[2020.05.30-08.49.29:538][  0]LogConfig: Applying CVar settings from Section [AntiAliasingQuality@3] File [D:/Documents/Unreal Projects/MoonNight/Saved/Config/Windows/Scalability.ini]
[2020.05.30-08.49.29:538][  0]LogConfig: Setting CVar [[r.PostProcessAAQuality:4]]
[2020.05.30-08.49.29:538][  0]LogConfig: Applying CVar settings from Section [ShadowQuality@3] File [D:/Documents/Unreal Projects/MoonNight/Saved/Config/Windows/Scalability.ini]
[2020.05.30-08.49.29:538][  0]LogConfig: Setting CVar [[r.LightFunctionQuality:1]]
[2020.05.30-08.49.29:538][  0]LogConfig: Setting CVar [[r.ShadowQuality:5]]
[2020.05.30-08.49.29:538][  0]LogConfig: Setting CVar [[r.Shadow.CSM.MaxCascades:10]]
[2020.05.30-08.49.29:538][  0]LogConfig: Setting CVar [[r.Shadow.MaxResolution:2048]]
[2020.05.30-08.49.29:538][  0]LogConfig: Setting CVar [[r.Shadow.MaxCSMResolution:2048]]
[2020.05.30-08.49.29:538][  0]LogConfig: Setting CVar [[r.Shadow.RadiusThreshold:0.01]]
[2020.05.30-08.49.29:538][  0]LogConfig: Setting CVar [[r.Shadow.DistanceScale:1.0]]
[2020.05.30-08.49.29:538][  0]LogConfig: Setting CVar [[r.Shadow.CSM.TransitionScale:1.0]]
[2020.05.30-08.49.29:538][  0]LogConfig: Setting CVar [[r.Shadow.PreShadowResolutionFactor:1.0]]
[2020.05.30-08.49.29:538][  0]LogConfig: Setting CVar [[r.DistanceFieldShadowing:1]]
[2020.05.30-08.49.29:538][  0]LogConfig: Setting CVar [[r.DistanceFieldAO:1]]
[2020.05.30-08.49.29:538][  0]LogConfig: Setting CVar [[r.AOQuality:2]]
[2020.05.30-08.49.29:538][  0]LogConfig: Setting CVar [[r.VolumetricFog:1]]
[2020.05.30-08.49.29:538][  0]LogConfig: Setting CVar [[r.VolumetricFog.GridPixelSize:8]]
[2020.05.30-08.49.29:538][  0]LogConfig: Setting CVar [[r.VolumetricFog.GridSizeZ:128]]
[2020.05.30-08.49.29:538][  0]LogConfig: Setting CVar [[r.VolumetricFog.HistoryMissSupersampleCount:4]]
[2020.05.30-08.49.29:538][  0]LogConfig: Setting CVar [[r.LightMaxDrawDistanceScale:1]]
[2020.05.30-08.49.29:538][  0]LogConfig: Setting CVar [[r.CapsuleShadows:1]]
[2020.05.30-08.49.29:538][  0]LogConfig: Applying CVar settings from Section [PostProcessQuality@3] File [D:/Documents/Unreal Projects/MoonNight/Saved/Config/Windows/Scalability.ini]
[2020.05.30-08.49.29:538][  0]LogConfig: Setting CVar [[r.MotionBlurQuality:4]]
[2020.05.30-08.49.29:538][  0]LogConfig: Setting CVar [[r.AmbientOcclusionMipLevelFactor:0.4]]
[2020.05.30-08.49.29:538][  0]LogConfig: Setting CVar [[r.AmbientOcclusionMaxQuality:100]]
[2020.05.30-08.49.29:538][  0]LogConfig: Setting CVar [[r.AmbientOcclusionLevels:-1]]
[2020.05.30-08.49.29:539][  0]LogConfig: Setting CVar [[r.AmbientOcclusionRadiusScale:1.0]]
[2020.05.30-08.49.29:539][  0]LogConfig: Setting CVar [[r.DepthOfFieldQuality:2]]
[2020.05.30-08.49.29:539][  0]LogConfig: Setting CVar [[r.RenderTargetPoolMin:400]]
[2020.05.30-08.49.29:539][  0]LogConfig: Setting CVar [[r.LensFlareQuality:2]]
[2020.05.30-08.49.29:539][  0]LogConfig: Setting CVar [[r.SceneColorFringeQuality:1]]
[2020.05.30-08.49.29:539][  0]LogConfig: Setting CVar [[r.EyeAdaptationQuality:2]]
[2020.05.30-08.49.29:539][  0]LogConfig: Setting CVar [[r.BloomQuality:5]]
[2020.05.30-08.49.29:539][  0]LogConfig: Setting CVar [[r.FastBlurThreshold:100]]
[2020.05.30-08.49.29:539][  0]LogConfig: Setting CVar [[r.Upscale.Quality:3]]
[2020.05.30-08.49.29:539][  0]LogConfig: Setting CVar [[r.Tonemapper.GrainQuantization:1]]
[2020.05.30-08.49.29:539][  0]LogConfig: Setting CVar [[r.LightShaftQuality:1]]
[2020.05.30-08.49.29:539][  0]LogConfig: Setting CVar [[r.Filter.SizeScale:1]]
[2020.05.30-08.49.29:539][  0]LogConfig: Setting CVar [[r.Tonemapper.Quality:5]]
[2020.05.30-08.49.29:539][  0]LogConfig: Setting CVar [[r.DOF.Gather.AccumulatorQuality:1        ; higher gathering accumulator quality]]
[2020.05.30-08.49.29:539][  0]LogConfig: Setting CVar [[r.DOF.Gather.PostfilterMethod:1          ; Median3x3 postfilering method]]
[2020.05.30-08.49.29:539][  0]LogConfig: Setting CVar [[r.DOF.Gather.EnableBokehSettings:0       ; no bokeh simulation when gathering]]
[2020.05.30-08.49.29:539][  0]LogConfig: Setting CVar [[r.DOF.Gather.RingCount:4                 ; medium number of samples when gathering]]
[2020.05.30-08.49.29:539][  0]LogConfig: Setting CVar [[r.DOF.Scatter.ForegroundCompositing:1    ; additive foreground scattering]]
[2020.05.30-08.49.29:539][  0]LogConfig: Setting CVar [[r.DOF.Scatter.BackgroundCompositing:2    ; additive background scattering]]
[2020.05.30-08.49.29:539][  0]LogConfig: Setting CVar [[r.DOF.Scatter.EnableBokehSettings:1      ; bokeh simulation when scattering]]
[2020.05.30-08.49.29:539][  0]LogConfig: Setting CVar [[r.DOF.Scatter.MaxSpriteRatio:0.1         ; only a maximum of 10% of scattered bokeh]]
[2020.05.30-08.49.29:539][  0]LogConfig: Setting CVar [[r.DOF.Recombine.Quality:1                ; cheap slight out of focus]]
[2020.05.30-08.49.29:539][  0]LogConfig: Setting CVar [[r.DOF.Recombine.EnableBokehSettings:0    ; no bokeh simulation on slight out of focus]]
[2020.05.30-08.49.29:539][  0]LogConfig: Setting CVar [[r.DOF.TemporalAAQuality:1                ; more stable temporal accumulation]]
[2020.05.30-08.49.29:539][  0]LogConfig: Setting CVar [[r.DOF.Kernel.MaxForegroundRadius:0.025]]
[2020.05.30-08.49.29:539][  0]LogConfig: Setting CVar [[r.DOF.Kernel.MaxBackgroundRadius:0.025]]
[2020.05.30-08.49.29:539][  0]LogConfig: Applying CVar settings from Section [TextureQuality@3] File [D:/Documents/Unreal Projects/MoonNight/Saved/Config/Windows/Scalability.ini]
[2020.05.30-08.49.29:539][  0]LogConfig: Setting CVar [[r.Streaming.MipBias:0]]
[2020.05.30-08.49.29:540][  0]LogConfig: Setting CVar [[r.Streaming.AmortizeCPUToGPUCopy:0]]
[2020.05.30-08.49.29:540][  0]LogConfig: Setting CVar [[r.Streaming.MaxNumTexturesToStreamPerFrame:0]]
[2020.05.30-08.49.29:540][  0]LogConfig: Setting CVar [[r.Streaming.Boost:1]]
[2020.05.30-08.49.29:540][  0]LogConfig: Setting CVar [[r.MaxAnisotropy:8]]
[2020.05.30-08.49.29:540][  0]LogConfig: Setting CVar [[r.Streaming.LimitPoolSizeToVRAM:0]]
[2020.05.30-08.49.29:540][  0]LogConfig: Setting CVar [[r.Streaming.PoolSize:1000]]
[2020.05.30-08.49.29:540][  0]LogConfig: Setting CVar [[r.Streaming.MaxEffectiveScreenSize:0]]
[2020.05.30-08.49.29:540][  0]LogConfig: Applying CVar settings from Section [EffectsQuality@3] File [D:/Documents/Unreal Projects/MoonNight/Saved/Config/Windows/Scalability.ini]
[2020.05.30-08.49.29:540][  0]LogConfig: Setting CVar [[r.TranslucencyLightingVolumeDim:64]]
[2020.05.30-08.49.29:540][  0]LogConfig: Setting CVar [[r.RefractionQuality:2]]
[2020.05.30-08.49.29:540][  0]LogConfig: Setting CVar [[r.SSR.Quality:3]]
[2020.05.30-08.49.29:540][  0]LogConfig: Setting CVar [[r.SceneColorFormat:4]]
[2020.05.30-08.49.29:540][  0]LogConfig: Setting CVar [[r.DetailMode:2]]
[2020.05.30-08.49.29:540][  0]LogConfig: Setting CVar [[r.TranslucencyVolumeBlur:1]]
[2020.05.30-08.49.29:540][  0]LogConfig: Setting CVar [[r.MaterialQualityLevel:1 ; High quality]]
[2020.05.30-08.49.29:540][  0]LogConfig: Setting CVar [[r.SSS.Scale:1]]
[2020.05.30-08.49.29:540][  0]LogConfig: Setting CVar [[r.SSS.SampleSet:2]]
[2020.05.30-08.49.29:540][  0]LogConfig: Setting CVar [[r.SSS.Quality:1]]
[2020.05.30-08.49.29:540][  0]LogConfig: Setting CVar [[r.SSS.HalfRes:1]]
[2020.05.30-08.49.29:540][  0]LogConfig: Setting CVar [[r.EmitterSpawnRateScale:1.0]]
[2020.05.30-08.49.29:540][  0]LogConfig: Setting CVar [[r.ParticleLightQuality:2]]
[2020.05.30-08.49.29:540][  0]LogConfig: Applying CVar settings from Section [FoliageQuality@3] File [D:/Documents/Unreal Projects/MoonNight/Saved/Config/Windows/Scalability.ini]
[2020.05.30-08.49.29:540][  0]LogConfig: Setting CVar [[foliage.DensityScale:1.0]]
[2020.05.30-08.49.29:540][  0]LogConfig: Setting CVar [[grass.DensityScale:1.0]]
[2020.05.30-08.49.29:540][  0]LogInit: Selected Device Profile: [Windows]
[2020.05.30-08.49.29:540][  0]LogInit: Applying CVar settings loaded from the selected device profile: [Windows]
[2020.05.30-08.49.29:544][  0]LogHAL: Display: Platform has ~ 16 GB [17126346752 / 17179869184 / 16], which maps to Larger [LargestMinGB=32, LargerMinGB=12, DefaultMinGB=8, SmallerMinGB=6, SmallestMinGB=0)
[2020.05.30-08.49.29:544][  0]LogInit: Going up to parent DeviceProfile []
[2020.05.30-08.49.29:544][  0]LogConfig: Applying CVar settings from Section [ViewDistanceQuality@3] File [D:/Documents/Unreal Projects/MoonNight/Saved/Config/Windows/Scalability.ini]
[2020.05.30-08.49.29:544][  0]LogConfig: Setting CVar [[r.SkeletalMeshLODBias:0]]
[2020.05.30-08.49.29:545][  0]LogConfig: Setting CVar [[r.ViewDistanceScale:1.0]]
[2020.05.30-08.49.29:545][  0]LogConfig: Applying CVar settings from Section [AntiAliasingQuality@3] File [D:/Documents/Unreal Projects/MoonNight/Saved/Config/Windows/Scalability.ini]
[2020.05.30-08.49.29:545][  0]LogConfig: Setting CVar [[r.PostProcessAAQuality:4]]
[2020.05.30-08.49.29:545][  0]LogConfig: Applying CVar settings from Section [ShadowQuality@3] File [D:/Documents/Unreal Projects/MoonNight/Saved/Config/Windows/Scalability.ini]
[2020.05.30-08.49.29:545][  0]LogConfig: Setting CVar [[r.LightFunctionQuality:1]]
[2020.05.30-08.49.29:545][  0]LogConfig: Setting CVar [[r.ShadowQuality:5]]
[2020.05.30-08.49.29:545][  0]LogConfig: Setting CVar [[r.Shadow.CSM.MaxCascades:10]]
[2020.05.30-08.49.29:545][  0]LogConfig: Setting CVar [[r.Shadow.MaxResolution:2048]]
[2020.05.30-08.49.29:545][  0]LogConfig: Setting CVar [[r.Shadow.MaxCSMResolution:2048]]
[2020.05.30-08.49.29:545][  0]LogConfig: Setting CVar [[r.Shadow.RadiusThreshold:0.01]]
[2020.05.30-08.49.29:545][  0]LogConfig: Setting CVar [[r.Shadow.DistanceScale:1.0]]
[2020.05.30-08.49.29:545][  0]LogConfig: Setting CVar [[r.Shadow.CSM.TransitionScale:1.0]]
[2020.05.30-08.49.29:545][  0]LogConfig: Setting CVar [[r.Shadow.PreShadowResolutionFactor:1.0]]
[2020.05.30-08.49.29:545][  0]LogConfig: Setting CVar [[r.DistanceFieldShadowing:1]]
[2020.05.30-08.49.29:545][  0]LogConfig: Setting CVar [[r.DistanceFieldAO:1]]
[2020.05.30-08.49.29:545][  0]LogConfig: Setting CVar [[r.AOQuality:2]]
[2020.05.30-08.49.29:545][  0]LogConfig: Setting CVar [[r.VolumetricFog:1]]
[2020.05.30-08.49.29:545][  0]LogConfig: Setting CVar [[r.VolumetricFog.GridPixelSize:8]]
[2020.05.30-08.49.29:545][  0]LogConfig: Setting CVar [[r.VolumetricFog.GridSizeZ:128]]
[2020.05.30-08.49.29:545][  0]LogConfig: Setting CVar [[r.VolumetricFog.HistoryMissSupersampleCount:4]]
[2020.05.30-08.49.29:545][  0]LogConfig: Setting CVar [[r.LightMaxDrawDistanceScale:1]]
[2020.05.30-08.49.29:545][  0]LogConfig: Setting CVar [[r.CapsuleShadows:1]]
[2020.05.30-08.49.29:545][  0]LogConfig: Applying CVar settings from Section [PostProcessQuality@3] File [D:/Documents/Unreal Projects/MoonNight/Saved/Config/Windows/Scalability.ini]
[2020.05.30-08.49.29:546][  0]LogConfig: Setting CVar [[r.MotionBlurQuality:4]]
[2020.05.30-08.49.29:546][  0]LogConfig: Setting CVar [[r.AmbientOcclusionMipLevelFactor:0.4]]
[2020.05.30-08.49.29:546][  0]LogConfig: Setting CVar [[r.AmbientOcclusionMaxQuality:100]]
[2020.05.30-08.49.29:546][  0]LogConfig: Setting CVar [[r.AmbientOcclusionLevels:-1]]
[2020.05.30-08.49.29:546][  0]LogConfig: Setting CVar [[r.AmbientOcclusionRadiusScale:1.0]]
[2020.05.30-08.49.29:546][  0]LogConfig: Setting CVar [[r.DepthOfFieldQuality:2]]
[2020.05.30-08.49.29:546][  0]LogConfig: Setting CVar [[r.RenderTargetPoolMin:400]]
[2020.05.30-08.49.29:546][  0]LogConfig: Setting CVar [[r.LensFlareQuality:2]]
[2020.05.30-08.49.29:546][  0]LogConfig: Setting CVar [[r.SceneColorFringeQuality:1]]
[2020.05.30-08.49.29:546][  0]LogConfig: Setting CVar [[r.EyeAdaptationQuality:2]]
[2020.05.30-08.49.29:546][  0]LogConfig: Setting CVar [[r.BloomQuality:5]]
[2020.05.30-08.49.29:546][  0]LogConfig: Setting CVar [[r.FastBlurThreshold:100]]
[2020.05.30-08.49.29:546][  0]LogConfig: Setting CVar [[r.Upscale.Quality:3]]
[2020.05.30-08.49.29:546][  0]LogConfig: Setting CVar [[r.Tonemapper.GrainQuantization:1]]
[2020.05.30-08.49.29:546][  0]LogConfig: Setting CVar [[r.LightShaftQuality:1]]
[2020.05.30-08.49.29:546][  0]LogConfig: Setting CVar [[r.Filter.SizeScale:1]]
[2020.05.30-08.49.29:546][  0]LogConfig: Setting CVar [[r.Tonemapper.Quality:5]]
[2020.05.30-08.49.29:546][  0]LogConfig: Setting CVar [[r.DOF.Gather.AccumulatorQuality:1        ; higher gathering accumulator quality]]
[2020.05.30-08.49.29:546][  0]LogConfig: Setting CVar [[r.DOF.Gather.PostfilterMethod:1          ; Median3x3 postfilering method]]
[2020.05.30-08.49.29:546][  0]LogConfig: Setting CVar [[r.DOF.Gather.EnableBokehSettings:0       ; no bokeh simulation when gathering]]
[2020.05.30-08.49.29:546][  0]LogConfig: Setting CVar [[r.DOF.Gather.RingCount:4                 ; medium number of samples when gathering]]
[2020.05.30-08.49.29:546][  0]LogConfig: Setting CVar [[r.DOF.Scatter.ForegroundCompositing:1    ; additive foreground scattering]]
[2020.05.30-08.49.29:546][  0]LogConfig: Setting CVar [[r.DOF.Scatter.BackgroundCompositing:2    ; additive background scattering]]
[2020.05.30-08.49.29:546][  0]LogConfig: Setting CVar [[r.DOF.Scatter.EnableBokehSettings:1      ; bokeh simulation when scattering]]
[2020.05.30-08.49.29:547][  0]LogConfig: Setting CVar [[r.DOF.Scatter.MaxSpriteRatio:0.1         ; only a maximum of 10% of scattered bokeh]]
[2020.05.30-08.49.29:547][  0]LogConfig: Setting CVar [[r.DOF.Recombine.Quality:1                ; cheap slight out of focus]]
[2020.05.30-08.49.29:547][  0]LogConfig: Setting CVar [[r.DOF.Recombine.EnableBokehSettings:0    ; no bokeh simulation on slight out of focus]]
[2020.05.30-08.49.29:547][  0]LogConfig: Setting CVar [[r.DOF.TemporalAAQuality:1                ; more stable temporal accumulation]]
[2020.05.30-08.49.29:547][  0]LogConfig: Setting CVar [[r.DOF.Kernel.MaxForegroundRadius:0.025]]
[2020.05.30-08.49.29:547][  0]LogConfig: Setting CVar [[r.DOF.Kernel.MaxBackgroundRadius:0.025]]
[2020.05.30-08.49.29:547][  0]LogConfig: Applying CVar settings from Section [TextureQuality@3] File [D:/Documents/Unreal Projects/MoonNight/Saved/Config/Windows/Scalability.ini]
[2020.05.30-08.49.29:547][  0]LogConfig: Setting CVar [[r.Streaming.MipBias:0]]
[2020.05.30-08.49.29:547][  0]LogConfig: Setting CVar [[r.Streaming.AmortizeCPUToGPUCopy:0]]
[2020.05.30-08.49.29:547][  0]LogConfig: Setting CVar [[r.Streaming.MaxNumTexturesToStreamPerFrame:0]]
[2020.05.30-08.49.29:547][  0]LogConfig: Setting CVar [[r.Streaming.Boost:1]]
[2020.05.30-08.49.29:547][  0]LogConfig: Setting CVar [[r.MaxAnisotropy:8]]
[2020.05.30-08.49.29:547][  0]LogConfig: Setting CVar [[r.Streaming.LimitPoolSizeToVRAM:0]]
[2020.05.30-08.49.29:547][  0]LogConfig: Setting CVar [[r.Streaming.PoolSize:1000]]
[2020.05.30-08.49.29:547][  0]LogConfig: Setting CVar [[r.Streaming.MaxEffectiveScreenSize:0]]
[2020.05.30-08.49.29:547][  0]LogConfig: Applying CVar settings from Section [EffectsQuality@3] File [D:/Documents/Unreal Projects/MoonNight/Saved/Config/Windows/Scalability.ini]
[2020.05.30-08.49.29:547][  0]LogConfig: Setting CVar [[r.TranslucencyLightingVolumeDim:64]]
[2020.05.30-08.49.29:547][  0]LogConfig: Setting CVar [[r.RefractionQuality:2]]
[2020.05.30-08.49.29:547][  0]LogConfig: Setting CVar [[r.SSR.Quality:3]]
[2020.05.30-08.49.29:547][  0]LogConfig: Setting CVar [[r.SceneColorFormat:4]]
[2020.05.30-08.49.29:547][  0]LogConfig: Setting CVar [[r.DetailMode:2]]
[2020.05.30-08.49.29:547][  0]LogConfig: Setting CVar [[r.TranslucencyVolumeBlur:1]]
[2020.05.30-08.49.29:548][  0]LogConfig: Setting CVar [[r.MaterialQualityLevel:1 ; High quality]]
[2020.05.30-08.49.29:548][  0]LogConfig: Setting CVar [[r.SSS.Scale:1]]
[2020.05.30-08.49.29:548][  0]LogConfig: Setting CVar [[r.SSS.SampleSet:2]]
[2020.05.30-08.49.29:548][  0]LogConfig: Setting CVar [[r.SSS.Quality:1]]
[2020.05.30-08.49.29:548][  0]LogConfig: Setting CVar [[r.SSS.HalfRes:1]]
[2020.05.30-08.49.29:548][  0]LogConfig: Setting CVar [[r.EmitterSpawnRateScale:1.0]]
[2020.05.30-08.49.29:548][  0]LogConfig: Setting CVar [[r.ParticleLightQuality:2]]
[2020.05.30-08.49.29:548][  0]LogConfig: Applying CVar settings from Section [FoliageQuality@3] File [D:/Documents/Unreal Projects/MoonNight/Saved/Config/Windows/Scalability.ini]
[2020.05.30-08.49.29:548][  0]LogConfig: Setting CVar [[foliage.DensityScale:1.0]]
[2020.05.30-08.49.29:548][  0]LogConfig: Setting CVar [[grass.DensityScale:1.0]]
[2020.05.30-08.49.29:548][  0]LogConfig: Applying CVar settings from Section [Startup] File [../../../Engine/Config/ConsoleVariables.ini]
[2020.05.30-08.49.29:549][  0]LogConfig: Setting CVar [[net.UseAdaptiveNetUpdateFrequency:0]]
[2020.05.30-08.49.29:549][  0]LogConfig: Setting CVar [[p.chaos.AllowCreatePhysxBodies:1]]
[2020.05.30-08.49.29:549][  0]LogConfig: Applying CVar settings from Section [ConsoleVariables] File [D:/Documents/Unreal Projects/MoonNight/Saved/Config/Windows/Engine.ini]
[2020.05.30-08.49.29:549][  0]LogInit: Computer: PC-201910311547
[2020.05.30-08.49.29:549][  0]LogInit: User: Administrator
[2020.05.30-08.49.29:549][  0]LogInit: CPU Page size=4096, Cores=4
[2020.05.30-08.49.29:549][  0]LogInit: High frequency timer resolution =10.000000 MHz
[2020.05.30-08.49.29:549][  0]LogMemory: Memory total: Physical=16.0GB (16GB approx)
[2020.05.30-08.49.29:549][  0]LogMemory: Platform Memory Stats for Windows
[2020.05.30-08.49.29:549][  0]LogMemory: Process Physical Memory: 102.06 MB used, 102.06 MB peak
[2020.05.30-08.49.29:549][  0]LogMemory: Process Virtual Memory: 88.79 MB used, 88.79 MB peak
[2020.05.30-08.49.29:549][  0]LogMemory: Physical Memory: 7706.34 MB used,  8626.62 MB free, 16332.96 MB total
[2020.05.30-08.49.29:549][  0]LogMemory: Virtual Memory: 4679.53 MB used,  134213048.00 MB free, 134217728.00 MB total
[2020.05.30-08.49.29:564][  0]LogWindows: WindowsPlatformFeatures enabled
[2020.05.30-08.49.30:628][  0]LogInit: Overriding language with editor language configuration option (en).
[2020.05.30-08.49.30:628][  0]LogInit: Overriding locale with editor culture configuration option ().
[2020.05.30-08.49.30:629][  0]LogInit: Using OS detected locale (zh-CN).
[2020.05.30-08.49.30:819][  0]LogInit: Setting process to per monitor DPI aware
[2020.05.30-08.49.30:901][  0]LogSlate: New Slate User Created.  User Index 0, Is Virtual User: 0
[2020.05.30-08.49.30:901][  0]LogSlate: Slate User Registered.  User Index 0, Is Virtual User: 0
[2020.05.30-08.49.31:090][  0]LogHMD: Failed to initialize OpenVR with code 110
[2020.05.30-08.49.31:090][  0]LogD3D11RHI: D3D11 adapters:
[2020.05.30-08.49.31:165][  0]LogD3D11RHI:    0. 'NVIDIA GeForce GTX 1070' (Feature Level 11_0)
[2020.05.30-08.49.31:165][  0]LogD3D11RHI:       8088/0/8166 MB DedicatedVideo/DedicatedSystem/SharedSystem, Outputs:2, VendorId:0x10de
[2020.05.30-08.49.31:183][  0]LogD3D11RHI:    1. 'Microsoft Basic Render Driver' (Feature Level 11_0)
[2020.05.30-08.49.31:183][  0]LogD3D11RHI:       0/0/8166 MB DedicatedVideo/DedicatedSystem/SharedSystem, Outputs:0, VendorId:0x1414
[2020.05.30-08.49.31:183][  0]LogD3D11RHI: Chosen D3D11 Adapter: 0
[2020.05.30-08.49.31:189][  0]LogD3D11RHI: Creating new Direct3DDevice
[2020.05.30-08.49.31:189][  0]LogD3D11RHI:     GPU DeviceId: 0x1b81 (for the marketing name, search the web for "GPU Device Id")
[2020.05.30-08.49.31:189][  0]LogWindows: EnumDisplayDevices:
[2020.05.30-08.49.31:190][  0]LogWindows:    0. 'NVIDIA GeForce GTX 1070' (P:1 D:1)
[2020.05.30-08.49.31:191][  0]LogWindows:    1. 'NVIDIA GeForce GTX 1070' (P:0 D:1)
[2020.05.30-08.49.31:191][  0]LogWindows:    2. 'NVIDIA GeForce GTX 1070' (P:0 D:0)
[2020.05.30-08.49.31:192][  0]LogWindows:    3. 'NVIDIA GeForce GTX 1070' (P:0 D:0)
[2020.05.30-08.49.31:193][  0]LogWindows: DebugString: FoundDriverCount:4 
[2020.05.30-08.49.31:193][  0]LogD3D11RHI:     Adapter Name: NVIDIA GeForce GTX 1070
[2020.05.30-08.49.31:193][  0]LogD3D11RHI:   Driver Version: 432.00 (internal:26.21.14.3200, unified:432.00)
[2020.05.30-08.49.31:193][  0]LogD3D11RHI:      Driver Date: 7-24-2019
[2020.05.30-08.49.31:193][  0]LogRHI: Texture pool is 5661 MB (70% of 8088 MB)
[2020.05.30-08.49.31:252][  0]LogD3D11RHI: Async texture creation enabled
[2020.05.30-08.49.31:263][  0]LogD3D11RHI: GPU Timing Frequency: 1000.000000 (Debug: 2 1)
[2020.05.30-08.49.32:077][  0]LogTemp: Display: Module 'AllDesktopTargetPlatform' loaded TargetPlatform 'AllDesktop'
[2020.05.30-08.49.32:104][  0]LogTemp: Display: Module 'MacClientTargetPlatform' loaded TargetPlatform 'MacClient'
[2020.05.30-08.49.32:156][  0]LogTemp: Display: Module 'MacNoEditorTargetPlatform' loaded TargetPlatform 'MacNoEditor'
[2020.05.30-08.49.32:209][  0]LogTemp: Display: Module 'MacServerTargetPlatform' loaded TargetPlatform 'MacServer'
[2020.05.30-08.49.32:248][  0]LogTemp: Display: Module 'MacTargetPlatform' loaded TargetPlatform 'Mac'
[2020.05.30-08.49.32:317][  0]LogTemp: Display: Module 'WindowsClientTargetPlatform' loaded TargetPlatform 'WindowsClient'
[2020.05.30-08.49.32:329][  0]LogTemp: Display: Module 'WindowsNoEditorTargetPlatform' loaded TargetPlatform 'WindowsNoEditor'
[2020.05.30-08.49.32:347][  0]LogTemp: Display: Module 'WindowsServerTargetPlatform' loaded TargetPlatform 'WindowsServer'
[2020.05.30-08.49.32:363][  0]LogTemp: Display: Module 'WindowsTargetPlatform' loaded TargetPlatform 'Windows'
[2020.05.30-08.49.32:411][  0]LogTemp: Display: Module 'AndroidTargetPlatform' loaded TargetPlatform 'Android'
[2020.05.30-08.49.32:428][  0]LogTemp: Display: Module 'AndroidTargetPlatform' loaded TargetPlatform 'Android_ASTC'
[2020.05.30-08.49.32:428][  0]LogTemp: Display: Module 'AndroidTargetPlatform' loaded TargetPlatform 'Android_ATC'
[2020.05.30-08.49.32:434][  0]LogTemp: Display: Module 'AndroidTargetPlatform' loaded TargetPlatform 'Android_DXT'
[2020.05.30-08.49.32:434][  0]LogTemp: Display: Module 'AndroidTargetPlatform' loaded TargetPlatform 'Android_ETC1'
[2020.05.30-08.49.32:434][  0]LogTemp: Display: Module 'AndroidTargetPlatform' loaded TargetPlatform 'Android_ETC1a'
[2020.05.30-08.49.32:434][  0]LogTemp: Display: Module 'AndroidTargetPlatform' loaded TargetPlatform 'Android_ETC2'
[2020.05.30-08.49.32:434][  0]LogTemp: Display: Module 'AndroidTargetPlatform' loaded TargetPlatform 'Android_PVRTC'
[2020.05.30-08.49.32:434][  0]LogTemp: Display: Module 'AndroidTargetPlatform' loaded TargetPlatform 'AndroidClient'
[2020.05.30-08.49.32:434][  0]LogTemp: Display: Module 'AndroidTargetPlatform' loaded TargetPlatform 'Android_ASTCClient'
[2020.05.30-08.49.32:441][  0]LogTemp: Display: Module 'AndroidTargetPlatform' loaded TargetPlatform 'Android_ATCClient'
[2020.05.30-08.49.32:441][  0]LogTemp: Display: Module 'AndroidTargetPlatform' loaded TargetPlatform 'Android_DXTClient'
[2020.05.30-08.49.32:441][  0]LogTemp: Display: Module 'AndroidTargetPlatform' loaded TargetPlatform 'Android_ETC1Client'
[2020.05.30-08.49.32:441][  0]LogTemp: Display: Module 'AndroidTargetPlatform' loaded TargetPlatform 'Android_ETC1aClient'
[2020.05.30-08.49.32:441][  0]LogTemp: Display: Module 'AndroidTargetPlatform' loaded TargetPlatform 'Android_ETC2Client'
[2020.05.30-08.49.32:441][  0]LogTemp: Display: Module 'AndroidTargetPlatform' loaded TargetPlatform 'Android_PVRTCClient'
[2020.05.30-08.49.32:441][  0]LogTemp: Display: Module 'AndroidTargetPlatform' loaded TargetPlatform 'Android_Multi'
[2020.05.30-08.49.32:441][  0]LogTemp: Display: Module 'AndroidTargetPlatform' loaded TargetPlatform 'Android_MultiClient'
[2020.05.30-08.49.32:461][  0]LogTemp: Display: Module 'HTML5TargetPlatform' loaded TargetPlatform 'HTML5'
[2020.05.30-08.49.32:495][  0]LogTemp: Display: Module 'IOSTargetPlatform' loaded TargetPlatform 'IOSClient'
[2020.05.30-08.49.32:495][  0]LogTemp: Display: Module 'IOSTargetPlatform' loaded TargetPlatform 'IOS'
[2020.05.30-08.49.32:523][  0]LogTemp: Display: Module 'TVOSTargetPlatform' loaded TargetPlatform 'TVOSClient'
[2020.05.30-08.49.32:523][  0]LogTemp: Display: Module 'TVOSTargetPlatform' loaded TargetPlatform 'TVOS'
[2020.05.30-08.49.32:545][  0]LogTemp: Display: Module 'LinuxClientTargetPlatform' loaded TargetPlatform 'LinuxClient'
[2020.05.30-08.49.32:558][  0]LogTemp: Display: Module 'LinuxNoEditorTargetPlatform' loaded TargetPlatform 'LinuxNoEditor'
[2020.05.30-08.49.32:568][  0]LogTemp: Display: Module 'LinuxServerTargetPlatform' loaded TargetPlatform 'LinuxServer'
[2020.05.30-08.49.32:581][  0]LogTemp: Display: Module 'LinuxTargetPlatform' loaded TargetPlatform 'Linux'
[2020.05.30-08.49.32:615][  0]LogTemp: Display: Module 'LuminTargetPlatform' loaded TargetPlatform 'Lumin'
[2020.05.30-08.49.32:617][  0]LogTemp: Display: Module 'LuminTargetPlatform' loaded TargetPlatform 'LuminClient'
[2020.05.30-08.49.32:617][  0]LogTargetPlatformManager: Display: Building Assets For Windows
[2020.05.30-08.49.32:645][  0]LogAudioDebug: Display: Lib vorbis DLL was dynamically loaded.
[2020.05.30-08.49.32:786][  0]LogShaderCompilers: Guid format shader working directory is 16 characters bigger than the processId version (D:/Documents/Unreal Projects/MoonNight/Intermediate/Shaders/WorkingDirectory/5772/).
[2020.05.30-08.49.32:786][  0]LogShaderCompilers: Cleaned the shader compiler working directory 'C:/Users/Administrator/AppData/Local/Temp/UnrealShaderWorkingDir/9E49F444415F0EADB15FE3896770E00C/'.
[2020.05.30-08.49.32:789][  0]LogXGEController: Cannot use XGE Controller as Incredibuild is not installed on this machine.
[2020.05.30-08.49.32:789][  0]LogShaderCompilers: Cannot use XGE Shader Compiler as Incredibuild is not installed on this machine.
[2020.05.30-08.49.32:789][  0]LogShaderCompilers: Display: Using Local Shader Compiler.
[2020.05.30-08.49.33:518][  0]LogDerivedDataCache: Display: Max Cache Size: 512 MB
[2020.05.30-08.49.33:580][  0]LogDerivedDataCache: Loaded boot cache 0.06s 73MB C:/Users/Administrator/AppData/Local/UnrealEngine/4.23/DerivedDataCache/Boot.ddc.
[2020.05.30-08.49.33:581][  0]LogDerivedDataCache: Display: Loaded Boot cache: C:/Users/Administrator/AppData/Local/UnrealEngine/4.23/DerivedDataCache/Boot.ddc
[2020.05.30-08.49.33:581][  0]LogDerivedDataCache: FDerivedDataBackendGraph:  Pak pak cache file D:/Documents/Unreal Projects/MoonNight/DerivedDataCache/DDC.ddp not found, will not use a pak cache.
[2020.05.30-08.49.33:581][  0]LogDerivedDataCache: Unable to find inner node Pak for hierarchical cache Hierarchy.
[2020.05.30-08.49.33:581][  0]LogDerivedDataCache: FDerivedDataBackendGraph:  CompressedPak pak cache file D:/Documents/Unreal Projects/MoonNight/DerivedDataCache/Compressed.ddp not found, will not use a pak cache.
[2020.05.30-08.49.33:581][  0]LogDerivedDataCache: Unable to find inner node CompressedPak for hierarchical cache Hierarchy.
[2020.05.30-08.49.33:592][  0]LogDerivedDataCache: Display: Pak cache opened for reading ../../../Engine/DerivedDataCache/Compressed.ddp.
[2020.05.30-08.49.33:598][  0]LogDerivedDataCache: FDerivedDataBackendGraph:  EnterprisePak pak cache file ../../../Enterprise/DerivedDataCache/Compressed.ddp not found, will not use a pak cache.
[2020.05.30-08.49.33:598][  0]LogDerivedDataCache: Unable to find inner node EnterprisePak for hierarchical cache Hierarchy.
[2020.05.30-08.49.33:601][  0]LogDerivedDataCache: Using Local data cache path C:/Users/Administrator/AppData/Local/UnrealEngine/Common/DerivedDataCache: Writable
[2020.05.30-08.49.33:601][  0]LogDerivedDataCache: Shared data cache path not found in *engine.ini, will not use an Shared cache.
[2020.05.30-08.49.33:601][  0]LogDerivedDataCache: Unable to find inner node Shared for hierarchical cache Hierarchy.
[2020.05.30-08.49.33:648][  0]LogMaterial: Verifying Global Shaders for PCD3D_SM5
[2020.05.30-08.49.33:651][  0]LogSlate: Using FreeType 2.6.0
[2020.05.30-08.49.33:651][  0]LogSlate: SlateFontServices - WITH_FREETYPE: 1, WITH_HARFBUZZ: 1
[2020.05.30-08.49.33:725][  0]LogAssetRegistry: FAssetRegistry took 0.0129 seconds to start up
[2020.05.30-08.49.34:040][  0]LogInit: Selected Device Profile: [Windows]
[2020.05.30-08.49.34:275][  0]LogMeshReduction: Using QuadricMeshReduction for automatic static mesh reduction
[2020.05.30-08.49.34:276][  0]LogMeshReduction: Using SimplygonMeshReduction for automatic skeletal mesh reduction
[2020.05.30-08.49.34:276][  0]LogMeshReduction: Using ProxyLODMeshReduction for automatic mesh merging
[2020.05.30-08.49.34:276][  0]LogMeshReduction: No distributed automatic mesh merging module available
[2020.05.30-08.49.34:276][  0]LogMeshMerging: No distributed automatic mesh merging module available
[2020.05.30-08.49.34:286][  0]LogNetVersion: MoonNight 1.0.0, NetCL: 8386587, EngineNetVer: 11, GameNetVer: 0 (Checksum: 693227937)
[2020.05.30-08.49.34:740][  0]LogPackageLocalizationCache: Processed 12 localized package path(s) for 1 prioritized culture(s) in 0.061362 seconds
[2020.05.30-08.49.34:748][  0]LogUObjectArray: 43444 objects as part of root set at end of initial load.
[2020.05.30-08.49.34:748][  0]LogUObjectAllocator: 7548648 out of 0 bytes used by permanent object pool.
[2020.05.30-08.49.34:748][  0]LogUObjectArray: CloseDisregardForGC: 0/0 objects in disregard for GC pool
[2020.05.30-08.49.36:019][  0]LogTcpMessaging: Initializing TcpMessaging bridge
[2020.05.30-08.49.36:069][  0]LogUdpMessaging: Initializing bridge on interface 0.0.0.0:0 to multicast group 230.0.0.1:6666.
[2020.05.30-08.49.36:325][  0]SourceControl: Source control is disabled
[2020.05.30-08.49.36:325][  0]SourceControl: Source control is disabled
[2020.05.30-08.49.36:332][  0]SourceControl: Source control is disabled
[2020.05.30-08.49.36:338][  0]SourceControl: Source control is disabled
[2020.05.30-08.49.36:567][  0]LogAndroidPermission: UAndroidPermissionCallbackProxy::GetInstance
[2020.05.30-08.49.37:369][  0]LogOcInput: OculusInput pre-init called
[2020.05.30-08.49.37:436][  0]LogWindows: Failed to load 'OVRPlugin.dll' (GetLastError=126)
[2020.05.30-08.49.37:437][  0]LogWindows: File 'OVRPlugin.dll' does not exist
[2020.05.30-08.49.37:616][  0]LogEngine: Initializing Engine...
[2020.05.30-08.49.37:617][  0]LogHMD: Failed to initialize OpenVR with code 110
[2020.05.30-08.49.37:618][  0]LogStats: UGameplayTagsManager::InitializeManager -  0.000 s
[2020.05.30-08.49.37:876][  0]LogInit: Initializing FReadOnlyCVARCache
[2020.05.30-08.49.37:899][  0]LogAIModule: Creating AISystem for world Untitled
[2020.05.30-08.49.38:125][  0]LogInit: XAudio2 using 'Realtek HD Audio 2nd output (Realtek High Definition Audio)' : 2 channels at 48 kHz using 32 bits per sample (channel mask 0x3)
[2020.05.30-08.49.38:341][  0]LogInit: FAudioDevice initialized.
[2020.05.30-08.49.38:341][  0]LogNetVersion: Set ProjectVersion to 1.0.0.0. Version Checksum will be recalculated on next use.
[2020.05.30-08.49.38:393][  0]LogDerivedDataCache: Saved boot cache 0.05s 73MB C:/Users/Administrator/AppData/Local/UnrealEngine/4.23/DerivedDataCache/Boot.ddc.
[2020.05.30-08.49.38:402][  0]LogInit: Texture streaming: Enabled
[2020.05.30-08.49.38:452][  0]LogEngineSessionManager: EngineSessionManager initialized
[2020.05.30-08.49.38:452][  0]LogEditorSessionSummary: Verbose: Initializing EditorSessionSummaryWriter for editor session tracking
[2020.05.30-08.49.38:454][  0]LogEditorSessionSummary: EditorSessionSummaryWriter initialized
[2020.05.30-08.49.38:497][  0]LogInit: Transaction tracking system initialized
[2020.05.30-08.49.38:583][  0]BlueprintLog: New page: Editor Load
[2020.05.30-08.49.38:752][  0]LocalizationService: Localization service is disabled
[2020.05.30-08.49.39:126][  0]LogFileCache: Scanning file cache for directory 'D:/Documents/Unreal Projects/MoonNight/Content/' took 0.02s
[2020.05.30-08.49.39:126][  0]LogCook: Display: Max memory allowance for cook 16384mb min free memory 0mb
[2020.05.30-08.49.39:126][  0]LogCook: Display: Mobile HDR setting 1
[2020.05.30-08.49.39:532][  0]SourceControl: Source control is disabled
[2020.05.30-08.49.39:533][  0]Cmd: MAP LOAD FILE="../../../Engine/Content/Maps/Templates/Template_Default.umap" TEMPLATE=1 SHOWPROGRESS=1 FEATURELEVEL=3
[2020.05.30-08.49.39:533][  0]LightingResults: New page: Lighting Build
[2020.05.30-08.49.39:536][  0]LogWorld: UWorld::CleanupWorld for Untitled, bSessionEnded=true, bCleanupResources=true
[2020.05.30-08.49.39:536][  0]MapCheck: New page: Map Check
[2020.05.30-08.49.39:536][  0]LightingResults: New page: Lighting Build
[2020.05.30-08.49.39:576][  0]LogUObjectHash: Compacting FUObjectHashTables data took   2.07ms
[2020.05.30-08.49.39:669][  0]LogAIModule: Creating AISystem for world Untitled_1
[2020.05.30-08.49.39:673][  0]LogEditorServer: Finished looking for orphan Actors (0.000 secs)
[2020.05.30-08.49.39:727][  0]LogUObjectHash: Compacting FUObjectHashTables data took   2.50ms
[2020.05.30-08.49.39:728][  0]Cmd: MAP CHECKDEP NOCLEARLOG
[2020.05.30-08.49.39:728][  0]MapCheck: Map check complete: 0 Error(s), 0 Warning(s), took 0.094ms to complete.
[2020.05.30-08.49.39:728][  0]LogFileHelpers: Loading map 'Template_Default' took 0.195
[2020.05.30-08.49.39:907][  0]LogSlate: Updating window title bar state: overlay mode, drag disabled, window buttons hidden, title bar hidden
[2020.05.30-08.49.39:914][  0]LogSlate: Updating window title bar state: overlay mode, drag disabled, window buttons hidden, title bar hidden
[2020.05.30-08.49.39:922][  0]LogSlate: Updating window title bar state: overlay mode, drag disabled, window buttons hidden, title bar hidden
[2020.05.30-08.49.39:929][  0]LogSlate: Updating window title bar state: overlay mode, drag disabled, window buttons hidden, title bar hidden
[2020.05.30-08.49.40:152][  0]LogCollectionManager: Loaded 0 collections in 0.001623 seconds
[2020.05.30-08.49.40:162][  0]LogFileCache: Scanning file cache for directory 'D:/Documents/Unreal Projects/MoonNight/Saved/Collections/' took 0.00s
[2020.05.30-08.49.40:162][  0]LogFileCache: Scanning file cache for directory 'D:/Documents/Unreal Projects/MoonNight/Content/Developers/Administrator/Collections/' took 0.00s
[2020.05.30-08.49.40:162][  0]LogFileCache: Scanning file cache for directory 'D:/Documents/Unreal Projects/MoonNight/Content/Collections/' took 0.00s
[2020.05.30-08.49.40:162][  0]LogCollectionManager: Rebuilt the GUID cache for 0 collections in 0.000001 seconds
[2020.05.30-08.49.40:171][  0]LogContentBrowser: Native class hierarchy populated in 0.0093 seconds. Added 2864 classes and 682 folders.
[2020.05.30-08.49.40:179][  0]LogContentBrowser: Native class hierarchy updated for 'WidgetCarousel' in 0.0003 seconds. Added 0 classes and 0 folders.
[2020.05.30-08.49.40:225][  0]LogContentBrowser: Native class hierarchy updated for 'AddContentDialog' in 0.0003 seconds. Added 0 classes and 0 folders.
[2020.05.30-08.49.40:233][  0]LogContentBrowser: Native class hierarchy updated for 'SceneOutliner' in 0.0003 seconds. Added 1 classes and 2 folders.
[2020.05.30-08.49.40:295][  0]LogSlate: Took 0.000256 seconds to synchronously load lazily loaded font '../../../Engine/Content/Slate/Fonts/Roboto-Regular.ttf' (155K)
[2020.05.30-08.49.40:302][  0]LogSlate: Took 0.000308 seconds to synchronously load lazily loaded font '../../../Engine/Content/Slate/Fonts/Roboto-Bold.ttf' (160K)
[2020.05.30-08.49.40:305][  0]LogSlate: Took 0.000194 seconds to synchronously load lazily loaded font '../../../Engine/Content/Editor/Slate/Fonts/FontAwesome.ttf' (139K)
[2020.05.30-08.49.40:373][  0]LogRenderer: Reallocating scene render targets to support 1220x636 Format 10 NumSamples 1 (Frame:1).
[2020.05.30-08.49.40:530][  0]LogContentBrowser: Native class hierarchy updated for 'HierarchicalLODOutliner' in 0.0003 seconds. Added 0 classes and 0 folders.
[2020.05.30-08.49.40:531][  0]LogLoad: (Engine Initialization) Total time: 14.59 seconds
[2020.05.30-08.49.40:531][  0]LogLoad: (Engine Initialization) Total Blueprint compile time: 0.00 seconds
[2020.05.30-08.49.40:578][  0]LogAssetRegistry: Asset discovery search completed in 6.8640 seconds
[2020.05.30-08.49.40:584][  0]LogCollectionManager: Rebuilt the object cache for 0 collections in 0.000004 seconds (found 0 objects)
[2020.05.30-08.49.40:584][  0]LogCollectionManager: Fixed up redirectors for 0 collections in 0.000128 seconds (updated 0 objects)
[2020.05.30-08.49.40:585][  0]LogContentStreaming: Texture pool size now 1000 MB
[2020.05.30-08.50.40:899][385]LogEditorSessionSummary: EditorSessionSummary sent report. Type=Shutdown, SessionId={44BCBE8B-4021-D564-605A-F68598FD16B8}
[2020.05.30-08.50.40:900][385]LogEditorSessionSummary: EditorSessionSummary sent report. Type=Debugger, SessionId={6B20C704-44AA-AF71-F001-93ADCAFC83F8}
[2020.05.30-08.50.40:900][385]LogEditorSessionSummary: EditorSessionSummary sent report. Type=Debugger, SessionId={4BF7905F-403B-E78F-34DD-6885D0CFAE41}
[2020.05.30-08.57.42:045][618]LogEditorSessionSummary: EditorSessionSummary sent report. Type=Shutdown, SessionId={E4F498C0-404E-CEEB-E731-3DB8AE907D22}
[2020.05.30-08.59.42:167][976]LogEditorSessionSummary: EditorSessionSummary sent report. Type=Shutdown, SessionId={0E1A426E-432D-AC4E-BC83-5EBF74CBAB8F}
[2020.05.30-13.44.52:964][957]LogSlate: FSceneViewport::OnFocusLost() reason 0
[2020.05.30-13.45.06:892][198]LogSlate: Took 0.000245 seconds to synchronously load lazily loaded font '../../../Engine/Content/Slate/Fonts/Roboto-Light.ttf' (167K)
[2020.05.30-13.45.08:513][391]LogSlate: Took 0.000138 seconds to synchronously load lazily loaded font '../../../Engine/Content/Slate/Fonts/Roboto-Light.ttf' (167K)
[2020.05.30-13.45.08:557][391]LogSlate: Took 0.000802 seconds to synchronously load lazily loaded font '../../../Engine/Content/Slate/Fonts/Roboto-BoldCondensed.ttf' (158K)
[2020.05.30-13.45.19:462][652]Candidate modules for hot reload:
[2020.05.30-13.45.19:462][652]  MoonNight
[2020.05.30-13.45.19:462][652]Launching UnrealBuildTool... [C:/UnRealEngine/Engine/UE_4.23/Engine/Binaries/DotNET/UnrealBuildTool.exe  -ModuleWithSuffix=MoonNight,8271 Win64 Development -TargetType=Editor -Project="D:/Documents/Unreal Projects/MoonNight/MoonNight.uproject" "D:/Documents/Unreal Projects/MoonNight/MoonNight.uproject"  -IgnoreJunk]
[2020.05.30-13.45.30:928][652]CompilerResultsLog: New page: Compilation - 2020年5月31日 上午5:45:30
[2020.05.30-13.45.30:929][652]CompilerResultsLog: Creating makefile for MoonNightEditor (.uproject file is newer)
[2020.05.30-13.45.30:929][652]CompilerResultsLog: Parsing headers for MoonNightEditor
[2020.05.30-13.45.30:929][652]CompilerResultsLog:   Running UnrealHeaderTool "D:\Documents\Unreal Projects\MoonNight\MoonNight.uproject" "D:\Documents\Unreal Projects\MoonNight\Intermediate\Build\Win64\MoonNightEditor\Development\MoonNightEditor.uhtmanifest" -LogCmds="loginit warning, logexit warning, logdatabase error" -Unattended -WarningsAsErrors -installed
[2020.05.30-13.45.30:929][652]CompilerResultsLog: Reflection code generated for MoonNightEditor in 5.7001221 seconds
[2020.05.30-13.45.30:929][652]CompilerResultsLog: Failed to delete file 'D:\Documents\Unreal Projects\MoonNight\Binaries\Win64\UE4Editor-MoonNight.pdb'
[2020.05.30-13.45.30:929][652]CompilerResultsLog:     Exception: ??·????D:\Documents\Unreal Projects\MoonNight\Binaries\Win64\UE4Editor-MoonNight.pdb???ķ??ʱ??ܾ???
[2020.05.30-13.45.30:929][652]CompilerResultsLog: Attempting to retry...
[2020.05.30-13.45.30:929][652]CompilerResultsLog: Failed to delete file 'D:\Documents\Unreal Projects\MoonNight\Binaries\Win64\UE4Editor-MoonNight.pdb'
[2020.05.30-13.45.30:929][652]CompilerResultsLog:     Exception: ??·????D:\Documents\Unreal Projects\MoonNight\Binaries\Win64\UE4Editor-MoonNight.pdb???ķ??ʱ??ܾ???
[2020.05.30-13.45.30:929][652]CompilerResultsLog: Attempting to retry...
[2020.05.30-13.45.30:929][652]CompilerResultsLog: Failed to delete file 'D:\Documents\Unreal Projects\MoonNight\Binaries\Win64\UE4Editor-MoonNight.pdb'
[2020.05.30-13.45.30:929][652]CompilerResultsLog:     Exception: ??·????D:\Documents\Unreal Projects\MoonNight\Binaries\Win64\UE4Editor-MoonNight.pdb???ķ??ʱ??ܾ???
[2020.05.30-13.45.30:930][652]CompilerResultsLog: ERROR: Exhausted all retries!
[2020.05.30-13.45.30:930][652]CompilerResultsLog: Using Visual Studio 2019 14.26.28801 toolchain (C:\Program Files (x86)\Microsoft Visual Studio\2019\Community\VC\Tools\MSVC\14.26.28801) and Windows 10.0.18362.0 SDK (C:\Program Files (x86)\Windows Kits\10).
[2020.05.30-13.45.30:930][652]CompilerResultsLog: Building 9 actions with 8 processes...
[2020.05.30-13.45.30:930][652]CompilerResultsLog:   [1/9] MoonNight.init.gen.cpp
[2020.05.30-13.45.30:930][652]CompilerResultsLog:   [2/9] MoonNightGameModeBase.cpp
[2020.05.30-13.45.30:930][652]CompilerResultsLog:   [3/9] MoonNight.cpp
[2020.05.30-13.45.30:930][652]CompilerResultsLog:   [4/9] mCharacter.cpp
[2020.05.30-13.45.30:930][652]CompilerResultsLog:   [5/9] MoonNightGameModeBase.gen.cpp
[2020.05.30-13.45.30:930][652]CompilerResultsLog:   [6/9] mCharacter.gen.cpp
[2020.05.30-13.45.30:930][652]CompilerResultsLog:   [7/9] UE4Editor-MoonNight-8271.lib
[2020.05.30-13.45.30:930][652]CompilerResultsLog:     ???ڴ????? D:\Documents\Unreal Projects\MoonNight\Intermediate\Build\Win64\UE4Editor\Development\MoonNight\UE4Editor-MoonNight-8271.lib ?Ͷ??? D:\Documents\Unreal Projects\MoonNight\Intermediate\Build\Win64\UE4Editor\Development\MoonNight\UE4Editor-MoonNight-8271.exp
[2020.05.30-13.45.30:931][652]CompilerResultsLog:   [8/9] UE4Editor-MoonNight-8271.dll
[2020.05.30-13.45.30:931][652]CompilerResultsLog:     ???ڴ????? D:\Documents\Unreal Projects\MoonNight\Intermediate\Build\Win64\UE4Editor\Development\MoonNight\UE4Editor-MoonNight-8271.suppressed.lib ?Ͷ??? D:\Documents\Unreal Projects\MoonNight\Intermediate\Build\Win64\UE4Editor\Development\MoonNight\UE4Editor-MoonNight-8271.suppressed.exp
[2020.05.30-13.45.30:931][652]CompilerResultsLog:   [9/9] MoonNightEditor.target
[2020.05.30-13.45.30:931][652]CompilerResultsLog: Total time in Parallel executor: 1.61 seconds
[2020.05.30-13.45.30:931][652]CompilerResultsLog: Total execution time: 11.37 seconds
[2020.05.30-13.45.30:931][652]LogMainFrame: MainFrame: Module compiling took 11.472 seconds
[2020.05.30-13.45.30:952][652]LogUObjectHash: Compacting FUObjectHashTables data took   0.62ms
[2020.05.30-13.45.31:022][652]LogClass: Could not find existing class mCharacter in package /Script/MoonNight for HotReload, assuming new class
[2020.05.30-13.45.31:026][652]LogContentBrowser: Native class hierarchy updated for 'MoonNight' in 0.0003 seconds. Added 2 classes and 3 folders.
[2020.05.30-13.45.31:028][652]Display: HotReload successful (0 functions remapped  0 scriptstructs remapped)
[2020.05.30-13.45.31:088][652]LogUObjectHash: Compacting FUObjectHashTables data took   0.93ms
[2020.05.30-13.45.31:099][652]LogContentBrowser: Native class hierarchy populated in 0.0066 seconds. Added 2866 classes and 685 folders.
[2020.05.30-13.45.31:100][652]Display: HotReload took 11.7s.
[2020.05.30-13.45.31:102][652]Warning: HotReload operation took 11.7s.
[2020.05.30-13.45.31:460][652]LogSlate: Window 'Add C++ Class' being destroyed
[2020.05.30-13.45.31:471][652]LogHotReload: New module detected: UE4Editor-MoonNight-8271.dll
[2020.05.30-13.45.31:504][653]LogHotReload: Starting Hot-Reload from IDE
[2020.05.30-13.45.31:550][653]LogUObjectHash: Compacting FUObjectHashTables data took   0.57ms
[2020.05.30-13.45.31:553][653]LogContentBrowser: Native class hierarchy updated for 'MoonNight' in 0.0003 seconds. Added 2 classes and 3 folders.
[2020.05.30-13.45.31:556][653]Display: HotReload successful (0 functions remapped  0 scriptstructs remapped)
[2020.05.30-13.45.31:578][653]LogUObjectHash: Compacting FUObjectHashTables data took   0.58ms
[2020.05.30-13.45.31:589][653]LogContentBrowser: Native class hierarchy populated in 0.0079 seconds. Added 2866 classes and 685 folders.
[2020.05.30-13.45.31:594][653]Display: HotReload took  0.1s.
